<?xml version="1.0" encoding="utf-8"?><testsuites name="pytest tests"><testsuite name="pytest" errors="0" failures="0" skipped="0" tests="13" time="3.674" timestamp="2026-01-27T20:22:10.482384+00:00" hostname="agent-env-079739b8-5ce8-4755-a8cf-8ee01b550c2f"><testcase classname="backend.tests.test_pdf_export.TestPDFExport" name="test_admin_login" time="0.329" /><testcase classname="backend.tests.test_pdf_export.TestPDFExport" name="test_formador_login" time="0.265" /><testcase classname="backend.tests.test_pdf_export.TestPDFExport" name="test_export_all_pdf_as_admin" time="0.286" /><testcase classname="backend.tests.test_pdf_export.TestPDFExport" name="test_export_all_pdf_as_formador" time="0.288" /><testcase classname="backend.tests.test_pdf_export.TestPDFExport" name="test_export_all_pdf_with_stage_filter" time="0.333" /><testcase classname="backend.tests.test_pdf_export.TestPDFExport" name="test_export_single_pdf_as_admin" time="0.295" /><testcase classname="backend.tests.test_pdf_export.TestPDFExport" name="test_export_single_pdf_as_formador" time="0.302" /><testcase classname="backend.tests.test_pdf_export.TestPDFExport" name="test_export_single_pdf_not_found" time="0.283" /><testcase classname="backend.tests.test_pdf_export.TestPDFExport" name="test_export_pdf_without_auth" time="0.038" /><testcase classname="backend.tests.test_pdf_export.TestPDFExport" name="test_list_acompanhamentos" time="0.319" /><testcase classname="backend.tests.test_pdf_export.TestPDFExport" name="test_count_by_stage" time="0.277" /><testcase classname="backend.tests.test_pdf_export.TestPermissions" name="test_formador_sees_only_own_acompanhamentos" time="0.325" /><testcase classname="backend.tests.test_pdf_export.TestPermissions" name="test_admin_sees_all_acompanhamentos" time="0.277" /></testsuite></testsuites>